-------------------------------------------------------------------------------
Test set: com.example.forum_4_stupid.integration.filter.ProtectedResourceTest
-------------------------------------------------------------------------------
Tests run: 4, Failures: 4, Errors: 0, Skipped: 0, Time elapsed: 1.401 s <<< FAILURE! - in com.example.forum_4_stupid.integration.filter.ProtectedResourceTest
shouldReturnForbiddenAndNullAuthHeader  Time elapsed: 0.085 s  <<< FAILURE!
java.lang.AssertionError: No value at JSON path "err"
	at com.example.forum_4_stupid.integration.filter.ProtectedResourceTest.shouldReturnForbiddenAndNullAuthHeader(ProtectedResourceTest.java:43)
Caused by: java.lang.IllegalArgumentException: json can not be null or empty
	at com.example.forum_4_stupid.integration.filter.ProtectedResourceTest.shouldReturnForbiddenAndNullAuthHeader(ProtectedResourceTest.java:43)

shouldReturnStampedSignatureJwt2  Time elapsed: 0.036 s  <<< FAILURE!
java.lang.AssertionError: No value at JSON path "err"
	at com.example.forum_4_stupid.integration.filter.ProtectedResourceTest.shouldReturnStampedSignatureJwt2(ProtectedResourceTest.java:64)
Caused by: java.lang.IllegalArgumentException: json can not be null or empty
	at com.example.forum_4_stupid.integration.filter.ProtectedResourceTest.shouldReturnStampedSignatureJwt2(ProtectedResourceTest.java:64)

shouldReturnStampedSignatureJwt  Time elapsed: 0.019 s  <<< FAILURE!
java.lang.AssertionError: No value at JSON path "err"
	at com.example.forum_4_stupid.integration.filter.ProtectedResourceTest.shouldReturnStampedSignatureJwt(ProtectedResourceTest.java:53)
Caused by: java.lang.IllegalArgumentException: json can not be null or empty
	at com.example.forum_4_stupid.integration.filter.ProtectedResourceTest.shouldReturnStampedSignatureJwt(ProtectedResourceTest.java:53)

shouldReturnForbiddenAndNullAuthHeader2  Time elapsed: 0.008 s  <<< FAILURE!
java.lang.AssertionError: No value at JSON path "err"
	at com.example.forum_4_stupid.integration.filter.ProtectedResourceTest.shouldReturnForbiddenAndNullAuthHeader2(ProtectedResourceTest.java:74)
Caused by: java.lang.IllegalArgumentException: json can not be null or empty
	at com.example.forum_4_stupid.integration.filter.ProtectedResourceTest.shouldReturnForbiddenAndNullAuthHeader2(ProtectedResourceTest.java:74)

