<?xml version="1.0" encoding="UTF-8"?>
<testsuite xmlns:xsi="http://www.w3.org/2001/XMLSchema-instance" xsi:noNamespaceSchemaLocation="https://maven.apache.org/surefire/maven-surefire-plugin/xsd/surefire-test-report.xsd" name="com.example.forum_4_stupid.unit.hateoas.PhoneDtoAssemblerTest" time="0.001" tests="2" errors="0" skipped="0" failures="0">
  <properties>
[...]
</properties>
  <testcase name="shouldReturnEntityModelExpectedLinks" classname="com.example.forum_4_stupid.unit.hateoas.PhoneDtoAssemblerTest" time="0"/>
  <testcase name="shouldReturnCollcetionModelExpectedLinks" classname="com.example.forum_4_stupid.unit.hateoas.PhoneDtoAssemblerTest" time="0"/>
</testsuite>